2020-11-18 21:03:46,547 INFO [main] h.j.c.m.Glavna [Glavna.java:38] Pokenuta je aplikacija.
2020-11-18 21:05:49,106 ERROR [main] h.j.c.m.Glavna [Glavna.java:589] Pogreška kod unosa broja stanovnika jer je unešen String umjesto broja!
java.util.InputMismatchException: null
	at java.base/java.util.Scanner.throwFor(Scanner.java:939)
	at java.base/java.util.Scanner.next(Scanner.java:1594)
	at java.base/java.util.Scanner.nextInt(Scanner.java:2258)
	at java.base/java.util.Scanner.nextInt(Scanner.java:2212)
	at hr.java.covidportal.main.Glavna.unosZupanije(Glavna.java:579)
	at hr.java.covidportal.main.Glavna.main(Glavna.java:52)
2020-11-18 21:05:59,431 INFO [main] h.j.c.m.Glavna [Glavna.java:584] Unesen je broj stanovnika: 1000000
2020-11-18 21:05:59,431 INFO [main] h.j.c.m.Glavna [Glavna.java:585] Unesen je broj zaraženih stanovnika: 200000
2020-11-18 21:13:26,206 INFO [main] h.j.c.m.Glavna [Glavna.java:584] Unesen je broj stanovnika: 100000
2020-11-18 21:13:26,207 INFO [main] h.j.c.m.Glavna [Glavna.java:585] Unesen je broj zaraženih stanovnika: 500
2020-11-18 21:13:39,733 INFO [main] h.j.c.m.Glavna [Glavna.java:584] Unesen je broj stanovnika: 200000
2020-11-18 21:13:39,734 INFO [main] h.j.c.m.Glavna [Glavna.java:585] Unesen je broj zaraženih stanovnika: 10000
2020-11-18 21:14:12,149 INFO [main] h.j.c.m.Glavna [Glavna.java:424] Odabran/a je bolest(1)/virus(2): 2
2020-11-18 21:14:16,235 INFO [main] h.j.c.m.Glavna [Glavna.java:448] Broj simptoma bolesti: 1
2020-11-18 21:14:17,387 INFO [main] h.j.c.m.Glavna [Glavna.java:497] Odabran je simptom indexa: 1
2020-11-18 21:14:22,537 INFO [main] h.j.c.m.Glavna [Glavna.java:424] Odabran/a je bolest(1)/virus(2): 2
2020-11-18 21:14:27,051 INFO [main] h.j.c.m.Glavna [Glavna.java:448] Broj simptoma bolesti: 1
2020-11-18 21:14:27,797 INFO [main] h.j.c.m.Glavna [Glavna.java:497] Odabran je simptom indexa: 2
2020-11-18 21:14:29,184 INFO [main] h.j.c.m.Glavna [Glavna.java:424] Odabran/a je bolest(1)/virus(2): 2
2020-11-18 21:14:40,740 INFO [main] h.j.c.m.Glavna [Glavna.java:448] Broj simptoma bolesti: 1
2020-11-18 21:14:41,478 INFO [main] h.j.c.m.Glavna [Glavna.java:497] Odabran je simptom indexa: 3
2020-11-18 21:14:42,693 INFO [main] h.j.c.m.Glavna [Glavna.java:424] Odabran/a je bolest(1)/virus(2): 1
2020-11-18 21:14:46,090 INFO [main] h.j.c.m.Glavna [Glavna.java:448] Broj simptoma bolesti: 2
2020-11-18 21:14:46,744 INFO [main] h.j.c.m.Glavna [Glavna.java:497] Odabran je simptom indexa: 1
2020-11-18 21:14:47,365 INFO [main] h.j.c.m.Glavna [Glavna.java:497] Odabran je simptom indexa: 2
2020-11-18 21:14:58,273 INFO [main] h.j.c.m.Glavna [Glavna.java:215] Unešena je starost osobe: 55
2020-11-18 21:15:03,881 INFO [main] h.j.c.m.Glavna [Glavna.java:238] Odabrana je županija: 1
2020-11-18 21:15:09,488 INFO [main] h.j.c.m.Glavna [Glavna.java:263] Odabrana je bolest: 1
2020-11-18 21:15:19,775 INFO [main] h.j.c.m.Glavna [Glavna.java:215] Unešena je starost osobe: 132
2020-11-18 21:15:21,188 INFO [main] h.j.c.m.Glavna [Glavna.java:238] Odabrana je županija: 2
2020-11-18 21:15:22,969 INFO [main] h.j.c.m.Glavna [Glavna.java:263] Odabrana je bolest: 2
2020-11-18 21:15:29,089 INFO [main] h.j.c.m.Glavna [Glavna.java:285] Broj kontakata je: 1
2020-11-18 21:15:31,678 INFO [main] h.j.c.m.Glavna [Glavna.java:346] Odabran kontakt ima index: 1
2020-11-18 21:15:31,679 INFO [main] h.j.c.m.Glavna [Glavna.java:365] Odabran je kontakt: Peric
2020-11-18 21:15:39,738 INFO [main] h.j.c.m.Glavna [Glavna.java:215] Unešena je starost osobe: 31
2020-11-18 21:15:40,893 INFO [main] h.j.c.m.Glavna [Glavna.java:238] Odabrana je županija: 3
2020-11-18 21:15:43,419 INFO [main] h.j.c.m.Glavna [Glavna.java:263] Odabrana je bolest: 3
2020-11-18 21:15:45,490 INFO [main] h.j.c.m.Glavna [Glavna.java:285] Broj kontakata je: 1
2020-11-18 21:15:46,553 INFO [main] h.j.c.m.Glavna [Glavna.java:346] Odabran kontakt ima index: 2
2020-11-18 21:15:46,553 INFO [main] h.j.c.m.Glavna [Glavna.java:365] Odabran je kontakt: Janic
2020-11-18 21:16:00,132 INFO [main] h.j.c.m.Glavna [Glavna.java:124] Kraj programa.
2020-11-18 21:25:37,599 INFO [main] h.j.c.m.Glavna [Glavna.java:38] Pokenuta je aplikacija.
2020-11-18 21:28:12,754 INFO [main] h.j.c.m.Glavna [Glavna.java:585] Unesen je broj stanovnika: 1
2020-11-18 21:28:12,755 INFO [main] h.j.c.m.Glavna [Glavna.java:586] Unesen je broj zaraženih stanovnika: 0
2020-11-18 21:28:35,362 INFO [main] h.j.c.m.Glavna [Glavna.java:425] Odabran/a je bolest(1)/virus(2): 2
2020-11-18 21:34:37,361 INFO [main] h.j.c.m.Glavna [Glavna.java:449] Broj simptoma bolesti: 1
2020-11-18 21:34:37,930 INFO [main] h.j.c.m.Glavna [Glavna.java:498] Odabran je simptom indexa: 1
2020-11-18 21:34:39,467 INFO [main] h.j.c.m.Glavna [Glavna.java:425] Odabran/a je bolest(1)/virus(2): 2
2020-11-18 21:39:40,457 INFO [main] h.j.c.m.Glavna [Glavna.java:449] Broj simptoma bolesti: 1
2020-11-18 21:39:41,105 INFO [main] h.j.c.m.Glavna [Glavna.java:498] Odabran je simptom indexa: 2
2020-11-18 21:39:42,668 INFO [main] h.j.c.m.Glavna [Glavna.java:425] Odabran/a je bolest(1)/virus(2): 2
2020-11-18 21:39:45,928 INFO [main] h.j.c.m.Glavna [Glavna.java:449] Broj simptoma bolesti: 1
2020-11-18 21:39:46,659 INFO [main] h.j.c.m.Glavna [Glavna.java:498] Odabran je simptom indexa: 3
2020-11-18 21:39:47,453 INFO [main] h.j.c.m.Glavna [Glavna.java:425] Odabran/a je bolest(1)/virus(2): 1
2020-11-18 21:39:51,822 INFO [main] h.j.c.m.Glavna [Glavna.java:449] Broj simptoma bolesti: 2
2020-11-18 21:39:52,469 INFO [main] h.j.c.m.Glavna [Glavna.java:498] Odabran je simptom indexa: 1
2020-11-18 21:39:53,035 INFO [main] h.j.c.m.Glavna [Glavna.java:498] Odabran je simptom indexa: 2
2020-11-18 21:40:04,004 INFO [main] h.j.c.m.Glavna [Glavna.java:216] Unešena je starost osobe: 77
2020-11-18 21:40:05,056 INFO [main] h.j.c.m.Glavna [Glavna.java:239] Odabrana je županija: 1
2020-11-18 21:40:07,545 INFO [main] h.j.c.m.Glavna [Glavna.java:264] Odabrana je bolest: 4
2020-11-18 21:40:16,126 INFO [main] h.j.c.m.Glavna [Glavna.java:216] Unešena je starost osobe: 21
2020-11-18 21:40:16,984 INFO [main] h.j.c.m.Glavna [Glavna.java:239] Odabrana je županija: 1
2020-11-18 21:40:18,536 INFO [main] h.j.c.m.Glavna [Glavna.java:264] Odabrana je bolest: 2
2020-11-18 21:40:20,225 INFO [main] h.j.c.m.Glavna [Glavna.java:286] Broj kontakata je: 1
2020-11-18 21:40:20,739 INFO [main] h.j.c.m.Glavna [Glavna.java:347] Odabran kontakt ima index: 1
2020-11-18 21:40:20,739 INFO [main] h.j.c.m.Glavna [Glavna.java:366] Odabran je kontakt: Ivic
2020-11-18 21:40:58,998 INFO [main] h.j.c.m.Glavna [Glavna.java:216] Unešena je starost osobe: 23
2020-11-18 21:40:59,965 INFO [main] h.j.c.m.Glavna [Glavna.java:239] Odabrana je županija: 1
2020-11-18 21:41:04,010 INFO [main] h.j.c.m.Glavna [Glavna.java:264] Odabrana je bolest: 1
2020-11-18 21:41:06,526 INFO [main] h.j.c.m.Glavna [Glavna.java:286] Broj kontakata je: 1
2020-11-18 21:41:07,172 INFO [main] h.j.c.m.Glavna [Glavna.java:347] Odabran kontakt ima index: 2
2020-11-18 21:41:07,172 INFO [main] h.j.c.m.Glavna [Glavna.java:366] Odabran je kontakt: Peric
2020-11-18 21:41:12,541 INFO [main] h.j.c.m.Glavna [Glavna.java:124] Kraj programa.
2021-06-20 19:52:08,329 INFO [main] h.j.c.m.Glavna [Glavna.java:38] Pokenuta je aplikacija.
