2020-11-18 21:03:46,547 INFO [main] h.j.c.m.Glavna [Glavna.java:38] Pokenuta je aplikacija.
2020-11-18 21:05:49,106 ERROR [main] h.j.c.m.Glavna [Glavna.java:589] Pogreška kod unosa broja stanovnika jer je unešen String umjesto broja!
java.util.InputMismatchException: null
	at java.base/java.util.Scanner.throwFor(Scanner.java:939)
	at java.base/java.util.Scanner.next(Scanner.java:1594)
	at java.base/java.util.Scanner.nextInt(Scanner.java:2258)
	at java.base/java.util.Scanner.nextInt(Scanner.java:2212)
	at hr.java.covidportal.main.Glavna.unosZupanije(Glavna.java:579)
	at hr.java.covidportal.main.Glavna.main(Glavna.java:52)
2020-11-18 21:05:59,431 INFO [main] h.j.c.m.Glavna [Glavna.java:584] Unesen je broj stanovnika: 1000000
2020-11-18 21:05:59,431 INFO [main] h.j.c.m.Glavna [Glavna.java:585] Unesen je broj zaraženih stanovnika: 200000
2020-11-18 21:13:26,206 INFO [main] h.j.c.m.Glavna [Glavna.java:584] Unesen je broj stanovnika: 100000
2020-11-18 21:13:26,207 INFO [main] h.j.c.m.Glavna [Glavna.java:585] Unesen je broj zaraženih stanovnika: 500
2020-11-18 21:13:39,733 INFO [main] h.j.c.m.Glavna [Glavna.java:584] Unesen je broj stanovnika: 200000
2020-11-18 21:13:39,734 INFO [main] h.j.c.m.Glavna [Glavna.java:585] Unesen je broj zaraženih stanovnika: 10000
2020-11-18 21:14:12,149 INFO [main] h.j.c.m.Glavna [Glavna.java:424] Odabran/a je bolest(1)/virus(2): 2
2020-11-18 21:14:16,235 INFO [main] h.j.c.m.Glavna [Glavna.java:448] Broj simptoma bolesti: 1
2020-11-18 21:14:17,387 INFO [main] h.j.c.m.Glavna [Glavna.java:497] Odabran je simptom indexa: 1
2020-11-18 21:14:22,537 INFO [main] h.j.c.m.Glavna [Glavna.java:424] Odabran/a je bolest(1)/virus(2): 2
2020-11-18 21:14:27,051 INFO [main] h.j.c.m.Glavna [Glavna.java:448] Broj simptoma bolesti: 1
2020-11-18 21:14:27,797 INFO [main] h.j.c.m.Glavna [Glavna.java:497] Odabran je simptom indexa: 2
2020-11-18 21:14:29,184 INFO [main] h.j.c.m.Glavna [Glavna.java:424] Odabran/a je bolest(1)/virus(2): 2
2020-11-18 21:14:40,740 INFO [main] h.j.c.m.Glavna [Glavna.java:448] Broj simptoma bolesti: 1
2020-11-18 21:14:41,478 INFO [main] h.j.c.m.Glavna [Glavna.java:497] Odabran je simptom indexa: 3
2020-11-18 21:14:42,693 INFO [main] h.j.c.m.Glavna [Glavna.java:424] Odabran/a je bolest(1)/virus(2): 1
2020-11-18 21:14:46,090 INFO [main] h.j.c.m.Glavna [Glavna.java:448] Broj simptoma bolesti: 2
2020-11-18 21:14:46,744 INFO [main] h.j.c.m.Glavna [Glavna.java:497] Odabran je simptom indexa: 1
2020-11-18 21:14:47,365 INFO [main] h.j.c.m.Glavna [Glavna.java:497] Odabran je simptom indexa: 2
2020-11-18 21:14:58,273 INFO [main] h.j.c.m.Glavna [Glavna.java:215] Unešena je starost osobe: 55
2020-11-18 21:15:03,881 INFO [main] h.j.c.m.Glavna [Glavna.java:238] Odabrana je županija: 1
2020-11-18 21:15:09,488 INFO [main] h.j.c.m.Glavna [Glavna.java:263] Odabrana je bolest: 1
2020-11-18 21:15:19,775 INFO [main] h.j.c.m.Glavna [Glavna.java:215] Unešena je starost osobe: 132
2020-11-18 21:15:21,188 INFO [main] h.j.c.m.Glavna [Glavna.java:238] Odabrana je županija: 2
2020-11-18 21:15:22,969 INFO [main] h.j.c.m.Glavna [Glavna.java:263] Odabrana je bolest: 2
2020-11-18 21:15:29,089 INFO [main] h.j.c.m.Glavna [Glavna.java:285] Broj kontakata je: 1
2020-11-18 21:15:31,678 INFO [main] h.j.c.m.Glavna [Glavna.java:346] Odabran kontakt ima index: 1
2020-11-18 21:15:31,679 INFO [main] h.j.c.m.Glavna [Glavna.java:365] Odabran je kontakt: Peric
2020-11-18 21:15:39,738 INFO [main] h.j.c.m.Glavna [Glavna.java:215] Unešena je starost osobe: 31
2020-11-18 21:15:40,893 INFO [main] h.j.c.m.Glavna [Glavna.java:238] Odabrana je županija: 3
2020-11-18 21:15:43,419 INFO [main] h.j.c.m.Glavna [Glavna.java:263] Odabrana je bolest: 3
2020-11-18 21:15:45,490 INFO [main] h.j.c.m.Glavna [Glavna.java:285] Broj kontakata je: 1
2020-11-18 21:15:46,553 INFO [main] h.j.c.m.Glavna [Glavna.java:346] Odabran kontakt ima index: 2
2020-11-18 21:15:46,553 INFO [main] h.j.c.m.Glavna [Glavna.java:365] Odabran je kontakt: Janic
2020-11-18 21:16:00,132 INFO [main] h.j.c.m.Glavna [Glavna.java:124] Kraj programa.
2020-11-18 21:25:37,599 INFO [main] h.j.c.m.Glavna [Glavna.java:38] Pokenuta je aplikacija.
2020-11-18 21:28:12,754 INFO [main] h.j.c.m.Glavna [Glavna.java:585] Unesen je broj stanovnika: 1
2020-11-18 21:28:12,755 INFO [main] h.j.c.m.Glavna [Glavna.java:586] Unesen je broj zaraženih stanovnika: 0
2020-11-18 21:28:35,362 INFO [main] h.j.c.m.Glavna [Glavna.java:425] Odabran/a je bolest(1)/virus(2): 2
2020-11-18 21:34:37,361 INFO [main] h.j.c.m.Glavna [Glavna.java:449] Broj simptoma bolesti: 1
2020-11-18 21:34:37,930 INFO [main] h.j.c.m.Glavna [Glavna.java:498] Odabran je simptom indexa: 1
2020-11-18 21:34:39,467 INFO [main] h.j.c.m.Glavna [Glavna.java:425] Odabran/a je bolest(1)/virus(2): 2
2020-11-18 21:39:40,457 INFO [main] h.j.c.m.Glavna [Glavna.java:449] Broj simptoma bolesti: 1
2020-11-18 21:39:41,105 INFO [main] h.j.c.m.Glavna [Glavna.java:498] Odabran je simptom indexa: 2
2020-11-18 21:39:42,668 INFO [main] h.j.c.m.Glavna [Glavna.java:425] Odabran/a je bolest(1)/virus(2): 2
2020-11-18 21:39:45,928 INFO [main] h.j.c.m.Glavna [Glavna.java:449] Broj simptoma bolesti: 1
2020-11-18 21:39:46,659 INFO [main] h.j.c.m.Glavna [Glavna.java:498] Odabran je simptom indexa: 3
2020-11-18 21:39:47,453 INFO [main] h.j.c.m.Glavna [Glavna.java:425] Odabran/a je bolest(1)/virus(2): 1
2020-11-18 21:39:51,822 INFO [main] h.j.c.m.Glavna [Glavna.java:449] Broj simptoma bolesti: 2
2020-11-18 21:39:52,469 INFO [main] h.j.c.m.Glavna [Glavna.java:498] Odabran je simptom indexa: 1
2020-11-18 21:39:53,035 INFO [main] h.j.c.m.Glavna [Glavna.java:498] Odabran je simptom indexa: 2
2020-11-18 21:40:04,004 INFO [main] h.j.c.m.Glavna [Glavna.java:216] Unešena je starost osobe: 77
2020-11-18 21:40:05,056 INFO [main] h.j.c.m.Glavna [Glavna.java:239] Odabrana je županija: 1
2020-11-18 21:40:07,545 INFO [main] h.j.c.m.Glavna [Glavna.java:264] Odabrana je bolest: 4
2020-11-18 21:40:16,126 INFO [main] h.j.c.m.Glavna [Glavna.java:216] Unešena je starost osobe: 21
2020-11-18 21:40:16,984 INFO [main] h.j.c.m.Glavna [Glavna.java:239] Odabrana je županija: 1
2020-11-18 21:40:18,536 INFO [main] h.j.c.m.Glavna [Glavna.java:264] Odabrana je bolest: 2
2020-11-18 21:40:20,225 INFO [main] h.j.c.m.Glavna [Glavna.java:286] Broj kontakata je: 1
2020-11-18 21:40:20,739 INFO [main] h.j.c.m.Glavna [Glavna.java:347] Odabran kontakt ima index: 1
2020-11-18 21:40:20,739 INFO [main] h.j.c.m.Glavna [Glavna.java:366] Odabran je kontakt: Ivic
2020-11-18 21:40:58,998 INFO [main] h.j.c.m.Glavna [Glavna.java:216] Unešena je starost osobe: 23
2020-11-18 21:40:59,965 INFO [main] h.j.c.m.Glavna [Glavna.java:239] Odabrana je županija: 1
2020-11-18 21:41:04,010 INFO [main] h.j.c.m.Glavna [Glavna.java:264] Odabrana je bolest: 1
2020-11-18 21:41:06,526 INFO [main] h.j.c.m.Glavna [Glavna.java:286] Broj kontakata je: 1
2020-11-18 21:41:07,172 INFO [main] h.j.c.m.Glavna [Glavna.java:347] Odabran kontakt ima index: 2
2020-11-18 21:41:07,172 INFO [main] h.j.c.m.Glavna [Glavna.java:366] Odabran je kontakt: Peric
2020-11-18 21:41:12,541 INFO [main] h.j.c.m.Glavna [Glavna.java:124] Kraj programa.
2020-11-29 22:30:44,570 INFO [main] h.j.c.m.Glavna [Glavna.java:35] Pokenuta je aplikacija.
2020-11-29 22:35:15,710 INFO [main] h.j.c.m.Glavna [Glavna.java:35] Pokenuta je aplikacija.
2020-11-29 22:36:17,730 INFO [main] h.j.c.m.Glavna [Glavna.java:35] Pokenuta je aplikacija.
2020-11-29 22:36:25,580 INFO [main] h.j.c.m.Glavna [Glavna.java:35] Pokenuta je aplikacija.
2020-11-29 22:37:10,971 INFO [main] h.j.c.m.Glavna [Glavna.java:35] Pokenuta je aplikacija.
2020-11-29 22:37:45,485 INFO [main] h.j.c.m.Glavna [Glavna.java:35] Pokenuta je aplikacija.
2020-11-29 22:37:57,251 INFO [main] h.j.c.m.Glavna [Glavna.java:35] Pokenuta je aplikacija.
2020-11-29 22:38:07,816 INFO [main] h.j.c.m.Glavna [Glavna.java:35] Pokenuta je aplikacija.
2020-11-29 22:38:16,441 INFO [main] h.j.c.m.Glavna [Glavna.java:35] Pokenuta je aplikacija.
2020-11-29 22:39:57,981 INFO [main] h.j.c.m.Glavna [Glavna.java:35] Pokenuta je aplikacija.
2020-11-29 22:40:33,801 INFO [main] h.j.c.m.Glavna [Glavna.java:35] Pokenuta je aplikacija.
2020-11-29 22:41:36,769 INFO [main] h.j.c.m.Glavna [Glavna.java:35] Pokenuta je aplikacija.
2020-11-29 22:42:01,126 INFO [main] h.j.c.m.Glavna [Glavna.java:35] Pokenuta je aplikacija.
2020-11-29 22:43:40,987 INFO [main] h.j.c.m.Glavna [Glavna.java:35] Pokenuta je aplikacija.
2020-11-29 22:45:20,867 INFO [main] h.j.c.m.Glavna [Glavna.java:35] Pokenuta je aplikacija.
2020-11-29 22:45:26,027 INFO [main] h.j.c.m.Glavna [Glavna.java:35] Pokenuta je aplikacija.
2020-11-29 22:45:51,317 INFO [main] h.j.c.m.Glavna [Glavna.java:35] Pokenuta je aplikacija.
2020-11-29 22:46:51,737 INFO [main] h.j.c.m.Glavna [Glavna.java:35] Pokenuta je aplikacija.
2020-11-29 22:47:32,507 INFO [main] h.j.c.m.Glavna [Glavna.java:35] Pokenuta je aplikacija.
2020-11-29 22:48:55,977 INFO [main] h.j.c.m.Glavna [Glavna.java:35] Pokenuta je aplikacija.
2020-11-29 22:51:35,397 INFO [main] h.j.c.m.Glavna [Glavna.java:35] Pokenuta je aplikacija.
2020-11-29 22:53:22,561 INFO [main] h.j.c.m.Glavna [Glavna.java:35] Pokenuta je aplikacija.
2020-11-29 22:53:40,578 INFO [main] h.j.c.m.Glavna [Glavna.java:35] Pokenuta je aplikacija.
2020-11-29 22:54:26,814 INFO [main] h.j.c.m.Glavna [Glavna.java:35] Pokenuta je aplikacija.
2020-11-29 23:10:08,030 INFO [main] h.j.c.m.Glavna [Glavna.java:35] Pokenuta je aplikacija.
2020-11-29 23:10:34,651 INFO [main] h.j.c.m.Glavna [Glavna.java:35] Pokenuta je aplikacija.
2020-11-29 23:10:39,483 INFO [main] h.j.c.m.Glavna [Glavna.java:121] Kraj programa.
2020-11-29 23:16:52,134 INFO [main] h.j.c.m.Glavna [Glavna.java:35] Pokenuta je aplikacija.
2020-11-29 23:17:00,321 INFO [main] h.j.c.m.Glavna [Glavna.java:121] Kraj programa.
2020-12-01 23:11:20,238 INFO [main] h.j.c.m.Glavna [Glavna.java:35] Pokenuta je aplikacija.
2020-12-01 23:11:31,312 INFO [main] h.j.c.m.Glavna [Glavna.java:121] Kraj programa.
2020-12-02 12:56:21,219 INFO [main] h.j.c.m.Glavna [Glavna.java:35] Pokenuta je aplikacija.
2020-12-02 12:56:26,485 INFO [main] h.j.c.m.Glavna [Glavna.java:121] Kraj programa.
2020-12-02 13:11:21,457 INFO [main] h.j.c.m.Glavna [Glavna.java:35] Pokenuta je aplikacija.
2020-12-02 13:25:10,234 INFO [main] h.j.c.m.Glavna [Glavna.java:35] Pokenuta je aplikacija.
2020-12-02 17:24:43,163 INFO [main] h.j.c.m.Glavna [Glavna.java:30] Pokenuta je aplikacija.
2020-12-02 17:24:47,290 INFO [main] h.j.c.m.Glavna [Glavna.java:80] Kraj programa.
2020-12-02 17:49:35,752 INFO [main] h.j.c.m.Glavna [Glavna.java:30] Pokenuta je aplikacija.
2020-12-02 17:49:42,137 INFO [main] h.j.c.m.Glavna [Glavna.java:93] Kraj programa.
2020-12-02 17:56:12,020 INFO [main] h.j.c.m.Glavna [Glavna.java:30] Pokenuta je aplikacija.
2020-12-02 17:56:15,442 INFO [main] h.j.c.m.Glavna [Glavna.java:96] Kraj programa.
2020-12-02 19:50:25,677 INFO [main] h.j.c.m.Glavna [Glavna.java:30] Pokenuta je aplikacija.
2020-12-02 19:50:28,492 INFO [main] h.j.c.m.Glavna [Glavna.java:61] Kraj programa.
2020-12-02 20:18:12,682 INFO [main] h.j.c.m.Glavna [Glavna.java:30] Pokenuta je aplikacija.
2020-12-02 20:18:15,899 INFO [main] h.j.c.m.Glavna [Glavna.java:65] Kraj programa.
2020-12-02 20:18:35,504 INFO [main] h.j.c.m.Glavna [Glavna.java:30] Pokenuta je aplikacija.
2020-12-02 20:18:38,310 INFO [main] h.j.c.m.Glavna [Glavna.java:65] Kraj programa.
2020-12-02 20:28:11,051 INFO [main] h.j.c.m.Glavna [Glavna.java:30] Pokenuta je aplikacija.
2020-12-02 20:28:53,527 INFO [main] h.j.c.m.Glavna [Glavna.java:30] Pokenuta je aplikacija.
2020-12-02 20:29:01,517 INFO [main] h.j.c.m.Glavna [Glavna.java:65] Kraj programa.
2020-12-02 20:34:37,561 INFO [main] h.j.c.m.Glavna [Glavna.java:30] Pokenuta je aplikacija.
2020-12-02 20:34:41,608 INFO [main] h.j.c.m.Glavna [Glavna.java:61] Kraj programa.
2020-12-02 20:54:54,365 INFO [main] h.j.c.m.Glavna [Glavna.java:30] Pokenuta je aplikacija.
2020-12-02 20:56:11,493 INFO [main] h.j.c.m.Glavna [Glavna.java:61] Kraj programa.
2020-12-02 21:29:12,211 INFO [main] h.j.c.m.Glavna [Glavna.java:30] Pokenuta je aplikacija.
2020-12-02 21:29:21,763 INFO [main] h.j.c.m.Glavna [Glavna.java:30] Pokenuta je aplikacija.
2020-12-02 21:30:24,083 INFO [main] h.j.c.m.Glavna [Glavna.java:30] Pokenuta je aplikacija.
2020-12-02 21:31:00,590 INFO [main] h.j.c.m.Glavna [Glavna.java:30] Pokenuta je aplikacija.
2020-12-02 21:31:30,148 INFO [main] h.j.c.m.Glavna [Glavna.java:30] Pokenuta je aplikacija.
2020-12-02 21:31:54,814 INFO [main] h.j.c.m.Glavna [Glavna.java:30] Pokenuta je aplikacija.
2020-12-02 21:32:07,258 INFO [main] h.j.c.m.Glavna [Glavna.java:30] Pokenuta je aplikacija.
2020-12-02 21:32:35,342 INFO [main] h.j.c.m.Glavna [Glavna.java:30] Pokenuta je aplikacija.
2020-12-02 21:33:57,495 INFO [main] h.j.c.m.Glavna [Glavna.java:30] Pokenuta je aplikacija.
2020-12-02 21:34:22,618 INFO [main] h.j.c.m.Glavna [Glavna.java:30] Pokenuta je aplikacija.
2020-12-02 21:34:34,036 INFO [main] h.j.c.m.Glavna [Glavna.java:30] Pokenuta je aplikacija.
2020-12-02 21:34:41,774 INFO [main] h.j.c.m.Glavna [Glavna.java:30] Pokenuta je aplikacija.
2020-12-02 21:36:01,970 INFO [main] h.j.c.m.Glavna [Glavna.java:30] Pokenuta je aplikacija.
2020-12-02 21:36:44,642 INFO [main] h.j.c.m.Glavna [Glavna.java:30] Pokenuta je aplikacija.
2020-12-02 21:38:33,248 INFO [main] h.j.c.m.Glavna [Glavna.java:30] Pokenuta je aplikacija.
2020-12-02 21:40:17,516 INFO [main] h.j.c.m.Glavna [Glavna.java:30] Pokenuta je aplikacija.
2020-12-02 21:41:40,564 INFO [main] h.j.c.m.Glavna [Glavna.java:30] Pokenuta je aplikacija.
2020-12-02 21:41:43,988 INFO [main] h.j.c.m.Glavna [Glavna.java:61] Kraj programa.
2020-12-02 21:44:01,817 INFO [main] h.j.c.m.Glavna [Glavna.java:30] Pokenuta je aplikacija.
2020-12-02 21:44:07,078 INFO [main] h.j.c.m.Glavna [Glavna.java:61] Kraj programa.
2021-06-20 19:55:05,842 INFO [main] h.j.c.m.Glavna [Glavna.java:30] Pokenuta je aplikacija.
