2020-12-06 12:42:57,895 INFO [main] h.j.c.m.Main2 [Main2.java:30] Pokenuta je aplikacija.
2020-12-06 12:43:01,735 INFO [main] h.j.c.m.Main2 [Main2.java:61] Kraj programa.
2020-12-06 12:45:32,361 INFO [JavaFX Application Thread] h.j.c.m.Main [Main.java:19] Pokenuta je aplikacija.
2020-12-06 12:45:32,901 INFO [JavaFX Application Thread] h.j.c.m.Main [Main.java:25] Kraj aplikacije.
2020-12-06 12:49:45,104 INFO [JavaFX Application Thread] h.j.c.m.Main [Main.java:19] Pokenuta je aplikacija.
2020-12-06 12:49:45,613 INFO [JavaFX Application Thread] h.j.c.m.Main [Main.java:25] Kraj aplikacije.
2020-12-06 12:49:47,882 INFO [JavaFX Application Thread] h.j.c.m.Main [PocetniEkranController.java:20] Prikazuje se ekran za pretragu županija.
2020-12-06 12:59:50,293 INFO [JavaFX Application Thread] h.j.c.m.Main [Main.java:19] Pokenuta je aplikacija.
2020-12-06 12:59:55,736 INFO [JavaFX Application Thread] h.j.c.m.Main [PocetniEkranController.java:20] Prikazuje se ekran za pretragu županija.
2020-12-06 13:04:57,900 INFO [JavaFX Application Thread] h.j.c.m.Main [Main.java:19] Pokenuta je aplikacija.
2020-12-06 13:05:01,077 INFO [JavaFX Application Thread] h.j.c.m.Main [PocetniEkranController.java:20] Prikazuje se ekran za pretragu županija.
2020-12-06 13:07:52,854 INFO [JavaFX Application Thread] h.j.c.m.Main [Main.java:19] Pokenuta je aplikacija.
2020-12-06 13:07:54,999 INFO [JavaFX Application Thread] h.j.c.m.Main [PocetniEkranController.java:20] Prikazuje se ekran za pretragu županija.
2020-12-06 13:08:13,614 INFO [JavaFX Application Thread] h.j.c.m.Main [Main.java:19] Pokenuta je aplikacija.
2020-12-06 13:08:15,724 INFO [JavaFX Application Thread] h.j.c.m.Main [PocetniEkranController.java:20] Prikazuje se ekran za pretragu županija.
2020-12-06 13:09:58,410 INFO [JavaFX Application Thread] h.j.c.m.Main [Main.java:19] Pokenuta je aplikacija.
2020-12-06 13:10:00,726 INFO [JavaFX Application Thread] h.j.c.m.Main [PocetniEkranController.java:20] Prikazuje se ekran za pretragu županija.
2020-12-06 13:13:31,626 INFO [JavaFX Application Thread] h.j.c.m.Main [Main.java:19] Pokenuta je aplikacija.
2020-12-06 13:13:33,697 INFO [JavaFX Application Thread] h.j.c.m.Main [PocetniEkranController.java:20] Prikazuje se ekran za pretragu županija.
2020-12-06 13:14:31,891 INFO [JavaFX Application Thread] h.j.c.m.Main [Main.java:19] Pokenuta je aplikacija.
2020-12-06 13:14:34,323 INFO [JavaFX Application Thread] h.j.c.m.Main [PocetniEkranController.java:20] Prikazuje se ekran za pretragu županija.
2020-12-06 13:15:13,811 INFO [JavaFX Application Thread] h.j.c.m.Main [Main.java:19] Pokenuta je aplikacija.
2020-12-06 13:15:16,090 INFO [JavaFX Application Thread] h.j.c.m.Main [PocetniEkranController.java:20] Prikazuje se ekran za pretragu županija.
2020-12-06 13:16:45,749 INFO [JavaFX Application Thread] h.j.c.m.Main [Main.java:19] Pokenuta je aplikacija.
2020-12-06 13:16:47,884 INFO [JavaFX Application Thread] h.j.c.m.Main [PocetniEkranController.java:20] Prikazuje se ekran za pretragu županija.
2020-12-06 13:19:06,831 INFO [JavaFX Application Thread] h.j.c.m.Main [Main.java:19] Pokenuta je aplikacija.
2020-12-06 13:19:08,826 INFO [JavaFX Application Thread] h.j.c.m.Main [PocetniEkranController.java:20] Prikazuje se ekran za pretragu županija.
2020-12-06 13:20:25,248 INFO [JavaFX Application Thread] h.j.c.m.Main [Main.java:19] Pokenuta je aplikacija.
2020-12-06 13:20:27,248 INFO [JavaFX Application Thread] h.j.c.m.Main [PocetniEkranController.java:20] Prikazuje se ekran za pretragu županija.
2020-12-06 13:22:56,962 INFO [JavaFX Application Thread] h.j.c.m.Main [Main.java:19] Pokenuta je aplikacija.
2020-12-06 13:22:58,813 INFO [JavaFX Application Thread] h.j.c.m.Main [PocetniEkranController.java:20] Prikazuje se ekran za pretragu županija.
2020-12-06 13:25:03,066 INFO [JavaFX Application Thread] h.j.c.m.Main [Main.java:19] Pokenuta je aplikacija.
2020-12-06 13:25:05,252 INFO [JavaFX Application Thread] h.j.c.m.Main [PocetniEkranController.java:20] Prikazuje se ekran za pretragu županija.
2020-12-06 13:25:58,492 INFO [JavaFX Application Thread] h.j.c.m.Main [Main.java:19] Pokenuta je aplikacija.
2020-12-06 13:26:00,426 INFO [JavaFX Application Thread] h.j.c.m.Main [PocetniEkranController.java:20] Prikazuje se ekran za pretragu županija.
2020-12-06 13:49:00,626 INFO [JavaFX Application Thread] h.j.c.m.Main [Main.java:19] Pokenuta je aplikacija.
2020-12-06 13:49:02,705 INFO [JavaFX Application Thread] h.j.c.m.Main [PocetniEkranController.java:20] Prikazuje se ekran za pretragu županija.
2020-12-06 17:11:56,647 INFO [JavaFX Application Thread] h.j.c.m.Main [Main.java:19] Pokenuta je aplikacija.
2020-12-06 17:12:06,165 INFO [JavaFX Application Thread] h.j.c.m.Main [PocetniEkranController.java:20] Prikazuje se ekran za pretragu županija.
2020-12-06 17:29:15,428 INFO [JavaFX Application Thread] h.j.c.m.Main [Main.java:19] Pokenuta je aplikacija.
2020-12-06 17:31:54,782 INFO [JavaFX Application Thread] h.j.c.m.Main [Main.java:19] Pokenuta je aplikacija.
2020-12-06 17:32:17,533 INFO [JavaFX Application Thread] h.j.c.m.Main [Main.java:19] Pokenuta je aplikacija.
2020-12-06 17:32:23,738 INFO [JavaFX Application Thread] h.j.c.m.Main [PocetniEkranController.java:20] Prikazuje se ekran za pretragu županija.
2020-12-06 17:33:22,368 INFO [JavaFX Application Thread] h.j.c.m.Main [Main.java:19] Pokenuta je aplikacija.
2020-12-06 17:33:24,624 INFO [JavaFX Application Thread] h.j.c.m.Main [PocetniEkranController.java:31] Prikazuje se ekran za pretragu simptoma.
2020-12-06 17:36:09,298 INFO [JavaFX Application Thread] h.j.c.m.Main [Main.java:19] Pokenuta je aplikacija.
2020-12-06 17:36:11,537 INFO [JavaFX Application Thread] h.j.c.m.Main [PocetniEkranController.java:31] Prikazuje se ekran za pretragu simptoma.
2020-12-06 17:39:09,336 INFO [JavaFX Application Thread] h.j.c.m.Main [Main.java:19] Pokenuta je aplikacija.
2020-12-06 17:39:17,693 INFO [JavaFX Application Thread] h.j.c.m.Main [PocetniEkranController.java:31] Prikazuje se ekran za pretragu simptoma.
2020-12-06 17:43:13,046 INFO [JavaFX Application Thread] h.j.c.m.Main [Main.java:19] Pokenuta je aplikacija.
2020-12-06 17:43:15,083 INFO [JavaFX Application Thread] h.j.c.m.Main [PocetniEkranController.java:31] Prikazuje se ekran za pretragu simptoma.
2020-12-06 17:44:18,696 INFO [JavaFX Application Thread] h.j.c.m.Main [PocetniEkranController.java:20] Prikazuje se ekran za pretragu županija.
2020-12-06 18:02:05,650 INFO [JavaFX Application Thread] h.j.c.m.Main [Main.java:19] Pokenuta je aplikacija.
2020-12-06 18:02:07,825 INFO [JavaFX Application Thread] h.j.c.m.Main [PocetniEkranController.java:20] Prikazuje se ekran za pretragu županija.
2020-12-06 18:04:16,155 INFO [JavaFX Application Thread] h.j.c.m.Main [Main.java:19] Pokenuta je aplikacija.
2020-12-06 18:04:18,014 INFO [JavaFX Application Thread] h.j.c.m.Main [PocetniEkranController.java:20] Prikazuje se ekran za pretragu županija.
2020-12-06 18:25:24,267 INFO [JavaFX Application Thread] h.j.c.m.Main [Main.java:19] Pokenuta je aplikacija.
2020-12-06 18:25:26,762 INFO [JavaFX Application Thread] h.j.c.m.Main [PocetniEkranController.java:43] Prikazuje se ekran za pretragu bolesti.
2020-12-06 18:26:09,000 INFO [JavaFX Application Thread] h.j.c.m.Main [Main.java:19] Pokenuta je aplikacija.
2020-12-06 18:26:11,035 INFO [JavaFX Application Thread] h.j.c.m.Main [PocetniEkranController.java:43] Prikazuje se ekran za pretragu bolesti.
2020-12-06 18:28:22,505 INFO [JavaFX Application Thread] h.j.c.m.Main [PocetniEkranController.java:32] Prikazuje se ekran za pretragu simptoma.
2020-12-06 18:28:26,886 INFO [JavaFX Application Thread] h.j.c.m.Main [PocetniEkranController.java:43] Prikazuje se ekran za pretragu bolesti.
2020-12-06 18:28:45,591 INFO [JavaFX Application Thread] h.j.c.m.Main [Main.java:19] Pokenuta je aplikacija.
2020-12-06 18:28:48,478 INFO [JavaFX Application Thread] h.j.c.m.Main [PocetniEkranController.java:43] Prikazuje se ekran za pretragu bolesti.
2020-12-06 18:29:18,452 INFO [JavaFX Application Thread] h.j.c.m.Main [Main.java:19] Pokenuta je aplikacija.
2020-12-06 18:29:20,390 INFO [JavaFX Application Thread] h.j.c.m.Main [PocetniEkranController.java:43] Prikazuje se ekran za pretragu bolesti.
2020-12-06 18:29:39,896 INFO [JavaFX Application Thread] h.j.c.m.Main [Main.java:19] Pokenuta je aplikacija.
2020-12-06 18:29:41,762 INFO [JavaFX Application Thread] h.j.c.m.Main [PocetniEkranController.java:43] Prikazuje se ekran za pretragu bolesti.
2020-12-06 18:32:52,311 INFO [JavaFX Application Thread] h.j.c.m.Main [Main.java:19] Pokenuta je aplikacija.
2020-12-06 18:32:55,230 INFO [JavaFX Application Thread] h.j.c.m.Main [PocetniEkranController.java:43] Prikazuje se ekran za pretragu bolesti.
2020-12-06 18:46:26,398 INFO [JavaFX Application Thread] h.j.c.m.Main [Main.java:19] Pokenuta je aplikacija.
2020-12-06 18:46:29,492 INFO [JavaFX Application Thread] h.j.c.m.Main [PocetniEkranController.java:43] Prikazuje se ekran za pretragu bolesti.
2020-12-06 18:49:22,782 INFO [JavaFX Application Thread] h.j.c.m.Main [Main.java:19] Pokenuta je aplikacija.
2020-12-06 18:49:24,933 INFO [JavaFX Application Thread] h.j.c.m.Main [PocetniEkranController.java:43] Prikazuje se ekran za pretragu bolesti.
2020-12-06 18:50:37,502 INFO [JavaFX Application Thread] h.j.c.m.Main [Main.java:19] Pokenuta je aplikacija.
2020-12-06 18:50:39,957 INFO [JavaFX Application Thread] h.j.c.m.Main [PocetniEkranController.java:43] Prikazuje se ekran za pretragu bolesti.
2020-12-06 18:51:55,036 INFO [JavaFX Application Thread] h.j.c.m.Main [Main.java:19] Pokenuta je aplikacija.
2020-12-06 18:51:57,022 INFO [JavaFX Application Thread] h.j.c.m.Main [PocetniEkranController.java:43] Prikazuje se ekran za pretragu bolesti.
2020-12-06 18:54:34,412 INFO [JavaFX Application Thread] h.j.c.m.Main [Main.java:19] Pokenuta je aplikacija.
2020-12-06 18:54:37,164 INFO [JavaFX Application Thread] h.j.c.m.Main [PocetniEkranController.java:43] Prikazuje se ekran za pretragu bolesti.
2020-12-06 18:55:26,575 INFO [JavaFX Application Thread] h.j.c.m.Main [PocetniEkranController.java:32] Prikazuje se ekran za pretragu simptoma.
2020-12-06 19:23:20,491 INFO [JavaFX Application Thread] h.j.c.m.Main [Main.java:28] Pokenuta je aplikacija.
2020-12-06 19:23:22,756 INFO [JavaFX Application Thread] h.j.c.m.Main [PocetniEkranController.java:21] Prikazuje se ekran za pretragu županija.
2020-12-06 19:23:41,791 INFO [JavaFX Application Thread] h.j.c.m.Main [PocetniEkranController.java:32] Prikazuje se ekran za pretragu simptoma.
2020-12-06 19:23:49,517 INFO [JavaFX Application Thread] h.j.c.m.Main [PocetniEkranController.java:43] Prikazuje se ekran za pretragu bolesti.
2020-12-06 19:39:51,292 INFO [JavaFX Application Thread] h.j.c.m.Main [Main.java:28] Pokenuta je aplikacija.
2020-12-06 19:39:59,140 INFO [JavaFX Application Thread] h.j.c.m.Main [PocetniEkranController.java:54] Prikazuje se ekran za pretragu virusa.
2020-12-06 19:40:58,834 INFO [JavaFX Application Thread] h.j.c.m.Main [PocetniEkranController.java:43] Prikazuje se ekran za pretragu bolesti.
2020-12-06 19:42:39,680 INFO [JavaFX Application Thread] h.j.c.m.Main [Main.java:28] Pokenuta je aplikacija.
2020-12-06 19:42:46,842 INFO [JavaFX Application Thread] h.j.c.m.Main [PocetniEkranController.java:21] Prikazuje se ekran za pretragu županija.
2020-12-06 19:43:48,612 INFO [JavaFX Application Thread] h.j.c.m.Main [Main.java:28] Pokenuta je aplikacija.
2020-12-06 19:44:03,220 INFO [JavaFX Application Thread] h.j.c.m.Main [PocetniEkranController.java:32] Prikazuje se ekran za pretragu simptoma.
2020-12-06 19:44:07,694 INFO [JavaFX Application Thread] h.j.c.m.Main [PocetniEkranController.java:21] Prikazuje se ekran za pretragu županija.
2020-12-06 19:44:13,361 INFO [JavaFX Application Thread] h.j.c.m.Main [PocetniEkranController.java:32] Prikazuje se ekran za pretragu simptoma.
2020-12-06 19:44:19,984 INFO [JavaFX Application Thread] h.j.c.m.Main [PocetniEkranController.java:43] Prikazuje se ekran za pretragu bolesti.
2020-12-06 19:44:31,038 INFO [JavaFX Application Thread] h.j.c.m.Main [PocetniEkranController.java:54] Prikazuje se ekran za pretragu virusa.
2020-12-07 16:12:29,065 INFO [JavaFX Application Thread] h.j.c.m.Main [Main.java:28] Pokenuta je aplikacija.
2020-12-07 16:12:31,813 INFO [JavaFX Application Thread] h.j.c.m.Main [PocetniEkranController.java:21] Prikazuje se ekran za pretragu županija.
2020-12-07 16:12:34,341 INFO [JavaFX Application Thread] h.j.c.m.Main [PocetniEkranController.java:32] Prikazuje se ekran za pretragu simptoma.
2020-12-07 16:12:42,434 INFO [JavaFX Application Thread] h.j.c.m.Main [PocetniEkranController.java:43] Prikazuje se ekran za pretragu bolesti.
2020-12-07 16:12:48,421 INFO [JavaFX Application Thread] h.j.c.m.Main [PocetniEkranController.java:54] Prikazuje se ekran za pretragu virusa.
2020-12-07 16:15:08,224 INFO [JavaFX Application Thread] h.j.c.m.Main [Main.java:28] Pokenuta je aplikacija.
2020-12-07 16:15:10,156 INFO [JavaFX Application Thread] h.j.c.m.Main [PocetniEkranController.java:32] Prikazuje se ekran za pretragu simptoma.
2020-12-07 16:15:16,456 INFO [JavaFX Application Thread] h.j.c.m.Main [PocetniEkranController.java:54] Prikazuje se ekran za pretragu virusa.
2020-12-07 16:15:31,403 INFO [JavaFX Application Thread] h.j.c.m.Main [PocetniEkranController.java:54] Prikazuje se ekran za pretragu virusa.
2020-12-07 16:34:30,791 INFO [JavaFX Application Thread] h.j.c.m.Main [Main.java:28] Pokenuta je aplikacija.
2020-12-07 16:34:33,350 INFO [JavaFX Application Thread] h.j.c.m.Main [PocetniEkranController.java:65] Prikazuje se ekran za pretragu osoba.
2020-12-07 16:36:14,048 INFO [JavaFX Application Thread] h.j.c.m.Main [Main.java:28] Pokenuta je aplikacija.
2020-12-07 16:36:17,265 INFO [JavaFX Application Thread] h.j.c.m.Main [PocetniEkranController.java:65] Prikazuje se ekran za pretragu osoba.
2020-12-07 16:36:35,818 INFO [JavaFX Application Thread] h.j.c.m.Main [Main.java:28] Pokenuta je aplikacija.
2020-12-07 16:36:38,671 INFO [JavaFX Application Thread] h.j.c.m.Main [PocetniEkranController.java:65] Prikazuje se ekran za pretragu osoba.
2020-12-07 16:37:02,799 INFO [JavaFX Application Thread] h.j.c.m.Main [Main.java:28] Pokenuta je aplikacija.
2020-12-07 16:37:05,331 INFO [JavaFX Application Thread] h.j.c.m.Main [PocetniEkranController.java:54] Prikazuje se ekran za pretragu virusa.
2020-12-07 16:37:06,966 INFO [JavaFX Application Thread] h.j.c.m.Main [PocetniEkranController.java:65] Prikazuje se ekran za pretragu osoba.
2020-12-07 16:37:52,076 INFO [JavaFX Application Thread] h.j.c.m.Main [Main.java:28] Pokenuta je aplikacija.
2020-12-07 16:37:53,870 INFO [JavaFX Application Thread] h.j.c.m.Main [PocetniEkranController.java:65] Prikazuje se ekran za pretragu osoba.
2020-12-07 16:39:30,169 INFO [JavaFX Application Thread] h.j.c.m.Main [Main.java:28] Pokenuta je aplikacija.
2020-12-07 16:39:32,495 INFO [JavaFX Application Thread] h.j.c.m.Main [PocetniEkranController.java:65] Prikazuje se ekran za pretragu osoba.
2020-12-07 16:46:54,291 INFO [JavaFX Application Thread] h.j.c.m.Main [PocetniEkranController.java:54] Prikazuje se ekran za pretragu virusa.
2020-12-07 16:46:55,603 INFO [JavaFX Application Thread] h.j.c.m.Main [PocetniEkranController.java:65] Prikazuje se ekran za pretragu osoba.
2020-12-07 16:47:09,026 INFO [JavaFX Application Thread] h.j.c.m.Main [Main.java:28] Pokenuta je aplikacija.
2020-12-07 16:47:10,866 INFO [JavaFX Application Thread] h.j.c.m.Main [PocetniEkranController.java:65] Prikazuje se ekran za pretragu osoba.
2020-12-07 16:47:59,319 INFO [JavaFX Application Thread] h.j.c.m.Main [Main.java:28] Pokenuta je aplikacija.
2020-12-07 16:48:01,603 INFO [JavaFX Application Thread] h.j.c.m.Main [PocetniEkranController.java:65] Prikazuje se ekran za pretragu osoba.
2020-12-07 16:48:48,349 INFO [JavaFX Application Thread] h.j.c.m.Main [Main.java:28] Pokenuta je aplikacija.
2020-12-07 16:48:55,829 INFO [JavaFX Application Thread] h.j.c.m.Main [PocetniEkranController.java:65] Prikazuje se ekran za pretragu osoba.
2020-12-07 17:03:38,431 INFO [JavaFX Application Thread] h.j.c.m.Main [Main.java:28] Pokenuta je aplikacija.
2020-12-07 17:03:40,263 INFO [JavaFX Application Thread] h.j.c.m.Main [PocetniEkranController.java:65] Prikazuje se ekran za pretragu osoba.
2020-12-07 17:05:03,971 INFO [JavaFX Application Thread] h.j.c.m.Main [Main.java:28] Pokenuta je aplikacija.
2020-12-07 17:05:05,990 INFO [JavaFX Application Thread] h.j.c.m.Main [PocetniEkranController.java:65] Prikazuje se ekran za pretragu osoba.
2020-12-07 17:07:38,447 INFO [JavaFX Application Thread] h.j.c.m.Main [Main.java:28] Pokenuta je aplikacija.
2020-12-07 17:07:40,388 INFO [JavaFX Application Thread] h.j.c.m.Main [PocetniEkranController.java:21] Prikazuje se ekran za pretragu županija.
2020-12-07 17:08:28,250 INFO [JavaFX Application Thread] h.j.c.m.Main [PocetniEkranController.java:32] Prikazuje se ekran za pretragu simptoma.
2020-12-07 17:08:42,886 INFO [JavaFX Application Thread] h.j.c.m.Main [PocetniEkranController.java:43] Prikazuje se ekran za pretragu bolesti.
2020-12-07 17:09:03,330 INFO [JavaFX Application Thread] h.j.c.m.Main [PocetniEkranController.java:54] Prikazuje se ekran za pretragu virusa.
2020-12-07 17:09:19,890 INFO [JavaFX Application Thread] h.j.c.m.Main [PocetniEkranController.java:65] Prikazuje se ekran za pretragu osoba.
2020-12-07 17:09:25,146 INFO [JavaFX Application Thread] h.j.c.m.Main [PocetniEkranController.java:54] Prikazuje se ekran za pretragu virusa.
2020-12-07 17:09:29,018 INFO [JavaFX Application Thread] h.j.c.m.Main [PocetniEkranController.java:65] Prikazuje se ekran za pretragu osoba.
2020-12-07 17:19:29,998 INFO [main] h.j.c.m.Main2 [Main2.java:30] Pokenuta je aplikacija.
2020-12-07 17:19:34,376 INFO [main] h.j.c.m.Main2 [Main2.java:63] Kraj programa.
2020-12-07 22:40:42,091 INFO [JavaFX Application Thread] h.j.c.m.Main [Main.java:28] Pokenuta je aplikacija.
2020-12-07 22:40:48,675 INFO [JavaFX Application Thread] h.j.c.m.Main [PocetniEkranController.java:21] Prikazuje se ekran za pretragu županija.
2020-12-07 22:41:27,318 INFO [JavaFX Application Thread] h.j.c.m.Main [PocetniEkranController.java:32] Prikazuje se ekran za pretragu simptoma.
2020-12-07 22:41:29,064 INFO [JavaFX Application Thread] h.j.c.m.Main [PocetniEkranController.java:43] Prikazuje se ekran za pretragu bolesti.
2020-12-07 22:44:45,832 INFO [JavaFX Application Thread] h.j.c.m.Main [PocetniEkranController.java:65] Prikazuje se ekran za pretragu osoba.
2020-12-09 19:44:17,730 INFO [JavaFX Application Thread] h.j.c.m.Main [Main.java:28] Pokenuta je aplikacija.
2020-12-09 19:44:26,343 INFO [JavaFX Application Thread] h.j.c.m.Main [PocetniEkranController.java:65] Prikazuje se ekran za pretragu osoba.
2020-12-09 19:44:31,744 INFO [JavaFX Application Thread] h.j.c.m.Main [PocetniEkranController.java:54] Prikazuje se ekran za pretragu virusa.
2020-12-09 19:44:34,507 INFO [JavaFX Application Thread] h.j.c.m.Main [PocetniEkranController.java:21] Prikazuje se ekran za pretragu županija.
2020-12-09 19:44:36,464 INFO [JavaFX Application Thread] h.j.c.m.Main [PocetniEkranController.java:65] Prikazuje se ekran za pretragu osoba.
2020-12-09 21:26:51,379 INFO [JavaFX Application Thread] h.j.c.m.Main [Main.java:28] Pokenuta je aplikacija.
2020-12-09 21:26:53,578 INFO [JavaFX Application Thread] h.j.c.m.Main [PocetniEkranController.java:21] Prikazuje se ekran za pretragu županija.
2020-12-09 21:26:59,140 INFO [JavaFX Application Thread] h.j.c.m.Main [PocetniEkranController.java:32] Prikazuje se ekran za pretragu simptoma.
2020-12-09 21:27:04,292 INFO [JavaFX Application Thread] h.j.c.m.Main [PocetniEkranController.java:43] Prikazuje se ekran za pretragu bolesti.
2020-12-09 21:27:11,440 INFO [JavaFX Application Thread] h.j.c.m.Main [PocetniEkranController.java:65] Prikazuje se ekran za pretragu osoba.
2020-12-09 21:55:50,724 INFO [JavaFX Application Thread] h.j.c.m.Main [Main.java:28] Pokenuta je aplikacija.
2020-12-09 21:55:54,002 INFO [JavaFX Application Thread] h.j.c.m.Main [PocetniEkranController.java:21] Prikazuje se ekran za pretragu županija.
2020-12-09 22:15:51,235 INFO [JavaFX Application Thread] h.j.c.m.Main [PocetniEkranController.java:65] Prikazuje se ekran za pretragu osoba.
2021-03-02 18:33:04,088 INFO [JavaFX Application Thread] h.j.c.m.Main [Main.java:28] Pokenuta je aplikacija.
2021-03-02 18:33:07,392 INFO [JavaFX Application Thread] h.j.c.m.Main [PocetniEkranController.java:21] Prikazuje se ekran za pretragu županija.
2021-03-02 18:33:08,485 INFO [JavaFX Application Thread] h.j.c.m.Main [PocetniEkranController.java:32] Prikazuje se ekran za pretragu simptoma.
2021-03-02 18:33:09,828 INFO [JavaFX Application Thread] h.j.c.m.Main [PocetniEkranController.java:43] Prikazuje se ekran za pretragu bolesti.
2021-03-02 18:33:10,661 INFO [JavaFX Application Thread] h.j.c.m.Main [PocetniEkranController.java:54] Prikazuje se ekran za pretragu virusa.
2021-06-20 19:57:43,035 INFO [JavaFX Application Thread] h.j.c.m.Main [Main.java:28] Pokenuta je aplikacija.
2021-06-20 19:58:15,306 INFO [JavaFX Application Thread] h.j.c.m.Main [Main.java:28] Pokenuta je aplikacija.
